0 info it worked if it ends with ok
1 verbose cli [ '/Users/joe/.nvm/v0.10.35/bin/node',
1 verbose cli   '/Users/joe/.nvm/v0.10.35/bin/npm',
1 verbose cli   'start' ]
2 info using npm@1.4.28
3 info using node@v0.10.35
4 verbose run-script [ 'prestart', 'start', 'poststart' ]
5 info prestart prototype-(scratch)@1.0.0
6 info start prototype-(scratch)@1.0.0
7 verbose unsafe-perm in lifecycle true
8 info prototype-(scratch)@1.0.0 Failed to exec start script
9 error prototype-(scratch)@1.0.0 start: `kill -9 $(ps aux | grep 'http-server' | awk '{print $2}') && http-server -p 8080 -s -o & gulp`
9 error Exit status 8
10 error Failed at the prototype-(scratch)@1.0.0 start script.
10 error This is most likely a problem with the prototype-(scratch) package,
10 error not with npm itself.
10 error Tell the author that this fails on your system:
10 error     kill -9 $(ps aux | grep 'http-server' | awk '{print $2}') && http-server -p 8080 -s -o & gulp
10 error You can get their info via:
10 error     npm owner ls prototype-(scratch)
10 error There is likely additional logging output above.
11 error System Darwin 14.3.0
12 error command "/Users/joe/.nvm/v0.10.35/bin/node" "/Users/joe/.nvm/v0.10.35/bin/npm" "start"
13 error cwd /Users/joe/Workspace/Fourth of 5/prototype (scratch)
14 error node -v v0.10.35
15 error npm -v 1.4.28
16 error code ELIFECYCLE
17 verbose exit [ 1, true ]
